<?xml version="1.0" encoding="UTF-8"?>
<!-- Generated by org.testng.reporters.JUnitReportReporter -->
<testsuite skipped="0" hostname="Shylaja" name="com.test.testCases.TC1_VerifyWeather" tests="1" failures="0" timestamp="10 May 2021 12:43:10 GMT" time="16.462" errors="0">
  <testcase name="searchCity" time="16.462" classname="com.test.testCases.TC1_VerifyWeather"/>
</testsuite> <!-- com.test.testCases.TC1_VerifyWeather -->
